2025-05-22 00:22:52,781 INFO o.a.j.u.JMeterUtils: Setting Locale to en_EN
2025-05-22 00:22:52,807 INFO o.a.j.JMeter: Loading user properties from: /home/ppss/apache-jmeter-5.6.3/bin/user.properties
2025-05-22 00:22:52,808 INFO o.a.j.JMeter: Loading system properties from: /home/ppss/apache-jmeter-5.6.3/bin/system.properties
2025-05-22 00:22:52,817 INFO o.a.j.JMeter: Copyright (c) 1998-2024 The Apache Software Foundation
2025-05-22 00:22:52,817 INFO o.a.j.JMeter: Version 5.6.3
2025-05-22 00:22:52,817 INFO o.a.j.JMeter: java.version=21.0.5
2025-05-22 00:22:52,817 INFO o.a.j.JMeter: java.vm.name=OpenJDK 64-Bit Server VM
2025-05-22 00:22:52,817 INFO o.a.j.JMeter: os.name=Linux
2025-05-22 00:22:52,817 INFO o.a.j.JMeter: os.arch=amd64
2025-05-22 00:22:52,817 INFO o.a.j.JMeter: os.version=6.8.0-49-generic
2025-05-22 00:22:52,817 INFO o.a.j.JMeter: file.encoding=UTF-8
2025-05-22 00:22:52,817 INFO o.a.j.JMeter: java.awt.headless=true
2025-05-22 00:22:52,818 INFO o.a.j.JMeter: Max memory     =1073741824
2025-05-22 00:22:52,818 INFO o.a.j.JMeter: Available Processors =3
2025-05-22 00:22:52,828 INFO o.a.j.JMeter: Default Locale=English (EN)
2025-05-22 00:22:52,829 INFO o.a.j.JMeter: JMeter  Locale=English (EN)
2025-05-22 00:22:52,829 INFO o.a.j.JMeter: JMeterHome=/home/ppss/apache-jmeter-5.6.3
2025-05-22 00:22:52,829 INFO o.a.j.JMeter: user.dir  =/home/ppss/Desktop/ppss-2025-G7-galvez-romerodeavila/P09-JMeter
2025-05-22 00:22:52,829 INFO o.a.j.JMeter: PWD       =/home/ppss/Desktop/ppss-2025-G7-galvez-romerodeavila/P09-JMeter
2025-05-22 00:22:52,829 INFO o.a.j.JMeter: IP: 127.0.1.1 Name: ppss FullName: ppss
2025-05-22 00:22:52,844 INFO o.a.j.JMeter: Setting property 'jmeter.reportgenerator.outputdir' to:'/home/ppss/Desktop/ppss-2025-G7-galvez-romerodeavila/P09-JMeter/reports'
2025-05-22 00:22:52,849 INFO o.a.j.r.d.ReportGenerator: ReportGenerator will use for Parsing the separator: ','
2025-05-22 00:22:52,850 INFO o.a.j.r.d.ReportGenerator: Will only generate report from results file: data.csv
2025-05-22 00:22:52,850 INFO o.a.j.r.d.ReportGenerator: Reading report generator properties from: /home/ppss/apache-jmeter-5.6.3/bin/reportgenerator.properties
2025-05-22 00:22:52,851 INFO o.a.j.r.d.ReportGenerator: Merging with JMeter properties
2025-05-22 00:22:52,857 INFO o.a.j.r.c.ReportGeneratorConfiguration: Property 'jmeter.reportgenerator.temp_dir' not found, using default value 'temp' instead.
2025-05-22 00:22:52,862 INFO o.a.j.r.c.ReportGeneratorConfiguration: Property 'jmeter.reportgenerator.apdex_per_transaction' not found, using default value 'null' instead.
2025-05-22 00:22:52,870 INFO o.a.j.r.c.ReportGeneratorConfiguration: apdex_per_transaction is empty, not APDEX per transaction customization
2025-05-22 00:22:52,871 INFO o.a.j.r.c.ReportGeneratorConfiguration: Property 'jmeter.reportgenerator.sample_filter' not found, using default value 'null' instead.
2025-05-22 00:22:52,871 INFO o.a.j.r.c.ReportGeneratorConfiguration: Property 'jmeter.reportgenerator.report_title' not found, using default value 'null' instead.
2025-05-22 00:22:52,871 INFO o.a.j.r.c.ReportGeneratorConfiguration: Property 'jmeter.reportgenerator.start_date' not found, using default value 'null' instead.
2025-05-22 00:22:52,871 INFO o.a.j.r.c.ReportGeneratorConfiguration: Property 'jmeter.reportgenerator.end_date' not found, using default value 'null' instead.
2025-05-22 00:22:52,871 INFO o.a.j.r.c.ReportGeneratorConfiguration: Property 'jmeter.reportgenerator.date_format' not found, using default value 'null' instead.
2025-05-22 00:22:52,872 INFO o.a.j.r.c.ReportGeneratorConfiguration: Will use date range start date: null, end date: null
2025-05-22 00:22:52,876 INFO o.a.j.r.c.ReportGeneratorConfiguration: Property 'jmeter.reportgenerator.graph.totalTPS.exclude_controllers' not found, using default value 'false' instead.
2025-05-22 00:22:52,876 INFO o.a.j.r.c.ReportGeneratorConfiguration: Property 'jmeter.reportgenerator.graph.activeThreadsOverTime.exclude_controllers' not found, using default value 'false' instead.
2025-05-22 00:22:52,877 INFO o.a.j.r.c.ReportGeneratorConfiguration: Property 'jmeter.reportgenerator.graph.timeVsThreads.exclude_controllers' not found, using default value 'false' instead.
2025-05-22 00:22:52,877 INFO o.a.j.r.c.ReportGeneratorConfiguration: Property 'jmeter.reportgenerator.graph.responseTimeDistribution.exclude_controllers' not found, using default value 'false' instead.
2025-05-22 00:22:52,878 INFO o.a.j.r.c.ReportGeneratorConfiguration: Property 'jmeter.reportgenerator.graph.transactionsPerSecond.exclude_controllers' not found, using default value 'false' instead.
2025-05-22 00:22:52,878 INFO o.a.j.r.c.ReportGeneratorConfiguration: Property 'jmeter.reportgenerator.graph.responseTimePercentiles.exclude_controllers' not found, using default value 'false' instead.
2025-05-22 00:22:52,878 INFO o.a.j.r.c.ReportGeneratorConfiguration: Property 'jmeter.reportgenerator.graph.responseTimePercentilesOverTime.exclude_controllers' not found, using default value 'false' instead.
2025-05-22 00:22:52,878 INFO o.a.j.r.c.ReportGeneratorConfiguration: Property 'jmeter.reportgenerator.graph.responseTimesOverTime.exclude_controllers' not found, using default value 'false' instead.
2025-05-22 00:22:52,878 INFO o.a.j.r.c.ReportGeneratorConfiguration: Property 'jmeter.reportgenerator.graph.connectTimeOverTime.exclude_controllers' not found, using default value 'false' instead.
2025-05-22 00:22:52,879 INFO o.a.j.r.c.ReportGeneratorConfiguration: Property 'jmeter.reportgenerator.graph.latenciesOverTime.exclude_controllers' not found, using default value 'false' instead.
2025-05-22 00:22:52,880 INFO o.a.j.r.c.ReportGeneratorConfiguration: Property 'jmeter.reportgenerator.exporter.json.filters_only_sample_series' not found, using default value 'true' instead.
2025-05-22 00:22:52,880 INFO o.a.j.r.c.ReportGeneratorConfiguration: Property 'jmeter.reportgenerator.exporter.json.series_filter' not found, using default value '' instead.
2025-05-22 00:22:52,880 INFO o.a.j.r.c.ReportGeneratorConfiguration: Property 'jmeter.reportgenerator.exporter.json.show_controllers_only' not found, using default value 'false' instead.
2025-05-22 00:22:52,880 INFO o.a.j.r.c.ReportGeneratorConfiguration: Property 'jmeter.reportgenerator.exporter.html.filters_only_sample_series' not found, using default value 'true' instead.
2025-05-22 00:22:52,881 INFO o.a.j.r.c.ReportGeneratorConfiguration: Property 'jmeter.reportgenerator.exporter.html.series_filter' not found, using default value '' instead.
2025-05-22 00:22:52,881 INFO o.a.j.r.c.ReportGeneratorConfiguration: Property 'jmeter.reportgenerator.exporter.html.show_controllers_only' not found, using default value 'false' instead.
2025-05-22 00:22:53,165 INFO o.a.j.s.SaveService: Testplan (JMX) version: 2.2. Testlog (JTL) version: 2.2
2025-05-22 00:22:53,221 INFO o.a.j.s.SaveService: Using SaveService properties version 5.0
2025-05-22 00:22:53,228 INFO o.a.j.s.SaveService: Using SaveService properties file encoding UTF-8
2025-05-22 00:22:53,273 INFO o.a.j.r.p.NormalizerSampleConsumer: Using format, 'ms', to parse timeStamp field
2025-05-22 00:22:53,495 INFO o.a.j.r.p.AbstractSampleConsumer: class org.apache.jmeter.report.processor.AggregateConsumer#stopProducing(): beginDate produced 0 samples
2025-05-22 00:22:53,496 INFO o.a.j.r.p.AbstractSampleConsumer: class org.apache.jmeter.report.processor.AggregateConsumer#stopProducing(): endDate produced 0 samples
2025-05-22 00:22:53,500 INFO o.a.j.r.p.AbstractSampleConsumer: class org.apache.jmeter.report.processor.ApdexSummaryConsumer#stopProducing(): apdexSummary produced 0 samples
2025-05-22 00:22:53,501 INFO o.a.j.r.p.AbstractSampleConsumer: class org.apache.jmeter.report.processor.RequestsSummaryConsumer#stopProducing(): requestsSummary produced 0 samples
2025-05-22 00:22:53,513 INFO o.a.j.r.p.AbstractSampleConsumer: class org.apache.jmeter.report.processor.StatisticsSummaryConsumer#stopProducing(): statisticsSummary produced 0 samples
2025-05-22 00:22:53,517 INFO o.a.j.r.p.AbstractSampleConsumer: class org.apache.jmeter.report.processor.Top5ErrorsBySamplerConsumer#stopProducing(): top5ErrorsBySampler produced 0 samples
2025-05-22 00:22:53,518 INFO o.a.j.r.p.AbstractSampleConsumer: class org.apache.jmeter.report.processor.ErrorsSummaryConsumer#stopProducing(): errorsSummary produced 0 samples
2025-05-22 00:22:53,518 INFO o.a.j.r.p.AbstractSampleConsumer: class org.apache.jmeter.report.processor.graph.impl.HitsPerSecondGraphConsumer#stopProducing(): hitsPerSecond produced 0 samples
2025-05-22 00:22:53,568 INFO o.a.j.r.p.AbstractSampleConsumer: class org.apache.jmeter.report.processor.graph.impl.LatencyVSRequestGraphConsumer#stopProducing(): latencyVsRequest produced 0 samples
2025-05-22 00:22:53,569 INFO o.a.j.r.p.AbstractSampleConsumer: class org.apache.jmeter.report.processor.graph.impl.SyntheticResponseTimeDistributionGraphConsumer#stopProducing(): syntheticResponseTimeDistribution produced 0 samples
2025-05-22 00:22:53,570 INFO o.a.j.r.p.AbstractSampleConsumer: class org.apache.jmeter.report.processor.graph.impl.BytesThroughputGraphConsumer#stopProducing(): bytesThroughputOverTime produced 0 samples
2025-05-22 00:22:53,570 INFO o.a.j.r.p.AbstractSampleConsumer: class org.apache.jmeter.report.processor.graph.impl.CodesPerSecondGraphConsumer#stopProducing(): codesPerSecond produced 0 samples
2025-05-22 00:22:53,590 INFO o.a.j.r.p.AbstractSampleConsumer: class org.apache.jmeter.report.processor.graph.impl.ResponseTimeVSRequestGraphConsumer#stopProducing(): responseTimeVsRequest produced 0 samples
2025-05-22 00:22:53,591 INFO o.a.j.r.p.AbstractSampleConsumer: class org.apache.jmeter.report.processor.FilterConsumer#stopProducing(): startIntervalControlerFilter produced 2100 samples
2025-05-22 00:22:53,591 INFO o.a.j.r.p.AbstractSampleConsumer: class org.apache.jmeter.report.processor.graph.impl.TotalTPSGraphConsumer#stopProducing(): totalTPS produced 0 samples
2025-05-22 00:22:53,591 INFO o.a.j.r.p.AbstractSampleConsumer: class org.apache.jmeter.report.processor.graph.impl.ActiveThreadsGraphConsumer#stopProducing(): activeThreadsOverTime produced 0 samples
2025-05-22 00:22:53,591 INFO o.a.j.r.p.AbstractSampleConsumer: class org.apache.jmeter.report.processor.graph.impl.TimeVSThreadGraphConsumer#stopProducing(): timeVsThreads produced 0 samples
2025-05-22 00:22:53,592 INFO o.a.j.r.p.AbstractSampleConsumer: class org.apache.jmeter.report.processor.graph.impl.ResponseTimeDistributionGraphConsumer#stopProducing(): responseTimeDistribution produced 0 samples
2025-05-22 00:22:53,593 INFO o.a.j.r.p.AbstractSampleConsumer: class org.apache.jmeter.report.processor.graph.impl.TransactionsPerSecondGraphConsumer#stopProducing(): transactionsPerSecond produced 0 samples
2025-05-22 00:22:53,593 INFO o.a.j.r.p.AbstractSampleConsumer: class org.apache.jmeter.report.processor.graph.impl.ResponseTimePercentilesGraphConsumer#stopProducing(): responseTimePercentiles produced 0 samples
2025-05-22 00:22:53,599 INFO o.a.j.r.p.AbstractSampleConsumer: class org.apache.jmeter.report.processor.graph.impl.ResponseTimePercentilesOverTimeGraphConsumer#stopProducing(): responseTimePercentilesOverTime produced 0 samples
2025-05-22 00:22:53,600 INFO o.a.j.r.p.AbstractSampleConsumer: class org.apache.jmeter.report.processor.graph.impl.ResponseTimeOverTimeGraphConsumer#stopProducing(): responseTimesOverTime produced 0 samples
2025-05-22 00:22:53,601 INFO o.a.j.r.p.AbstractSampleConsumer: class org.apache.jmeter.report.processor.graph.impl.ConnectTimeOverTimeGraphConsumer#stopProducing(): connectTimeOverTime produced 0 samples
2025-05-22 00:22:53,601 INFO o.a.j.r.p.AbstractSampleConsumer: class org.apache.jmeter.report.processor.graph.impl.LatencyOverTimeGraphConsumer#stopProducing(): latenciesOverTime produced 0 samples
2025-05-22 00:22:53,602 INFO o.a.j.r.p.AbstractSampleConsumer: class org.apache.jmeter.report.processor.FilterConsumer#stopProducing(): nameFilter produced 4500 samples
2025-05-22 00:22:53,602 INFO o.a.j.r.p.AbstractSampleConsumer: class org.apache.jmeter.report.processor.FilterConsumer#stopProducing(): dateRangeFilter produced 900 samples
2025-05-22 00:22:53,602 INFO o.a.j.r.p.AbstractSampleConsumer: class org.apache.jmeter.report.processor.NormalizerSampleConsumer#stopProducing(): normalizer produced 300 samples
2025-05-22 00:22:53,603 INFO o.a.j.r.p.CsvFileSampleSource: produce(): 300 samples produced in 281ms on channel 0
2025-05-22 00:22:53,605 INFO o.a.j.r.d.ReportGenerator: Exporting data using exporter:'json' of className:'org.apache.jmeter.report.dashboard.JsonExporter'
2025-05-22 00:22:53,728 INFO o.a.j.r.d.JsonExporter: Found data for consumer statisticsSummary in context
2025-05-22 00:22:53,729 INFO o.a.j.r.d.JsonExporter: Creating statistics for overall
2025-05-22 00:22:53,729 INFO o.a.j.r.d.JsonExporter: Creating statistics for other transactions
2025-05-22 00:22:53,730 INFO o.a.j.r.d.JsonExporter: Checking output folder
2025-05-22 00:22:53,732 INFO o.a.j.r.d.JsonExporter: Writing statistics JSON to /home/ppss/Desktop/ppss-2025-G7-galvez-romerodeavila/P09-JMeter/reports/statistics.json
2025-05-22 00:22:53,826 INFO o.a.j.r.d.ReportGenerator: Exporting data using exporter:'html' of className:'org.apache.jmeter.report.dashboard.HtmlTemplateExporter'
2025-05-22 00:22:53,833 INFO o.a.j.r.d.HtmlTemplateExporter: Will generate dashboard in folder: /home/ppss/Desktop/ppss-2025-G7-galvez-romerodeavila/P09-JMeter/reports
2025-05-22 00:22:54,221 INFO o.a.j.r.d.HtmlTemplateExporter: Report will be generated in: /home/ppss/Desktop/ppss-2025-G7-galvez-romerodeavila/P09-JMeter/reports, creating folder structure
2025-05-22 00:22:54,226 INFO o.a.j.r.d.TemplateVisitor: Copying folder from '/home/ppss/apache-jmeter-5.6.3/bin/report-template' to '/home/ppss/Desktop/ppss-2025-G7-galvez-romerodeavila/P09-JMeter/reports', got message: /home/ppss/Desktop/ppss-2025-G7-galvez-romerodeavila/P09-JMeter/reports, found non empty folder with following content [/home/ppss/Desktop/ppss-2025-G7-galvez-romerodeavila/P09-JMeter/reports/statistics.json], will be ignored
